<?xml version="1.0" encoding="UTF-8"?>
<!-- Generated by org.testng.reporters.JUnitXMLReporter -->
<testsuite ignored="14" hostname="DESKTOP-3O91SVI" failures="0" tests="15" name="Test" time="13.234" errors="0" timestamp="2023-04-04T18:10:34 IST">
  <testcase classname="testcases.CartTestCases" name="CartPage" time="3.176"/>
  <testcase classname="testcases.HeaderTestCases" name="HeaderPage" time="0.801"/>
  <testcase classname="testcases.ProductsTestCases" name="ProductPage" time="0.484"/>
  <testcase classname="testcases.LoginTestCases" name="verifyUser" time="0.324"/>
  <testcase classname="testcases.LoginTestCases" name="verifyUser" time="0.289"/>
  <testcase classname="testcases.LoginTestCases" name="verifyUser" time="0.299"/>
  <testcase classname="testcases.LoginTestCases" name="verifyUser" time="0.309"/>
  <testcase classname="testcases.LoginTestCases" name="verifyUser" time="0.33"/>
  <testcase classname="testcases.LoginTestCases" name="verifyUser" time="0.328"/>
  <testcase classname="testcases.CartTestCasesAlternateFlow" name="CartPageAlternateFlow" time="1.142"/>
  <testcase classname="testcases.FooterTestCases" name="verifyFooter" time="0.416"/>
  <testcase classname="testcases.FooterTestCases" name="verifyFooter" time="0.593"/>
  <testcase classname="testcases.FooterTestCases" name="verifyFooter" time="0.551"/>
  <testcase classname="testcases.LogoutTestCases" name="LogoutPage" time="0.499"/>
  <testcase classname="testcases.HomeTestCases" name="HomePage" time="0.417"/>
  <testcase classname="utility.Base" name="@AfterTest tear" time="0.0">
    <ignored/>
  </testcase> <!-- @AfterTest tear -->
  <testcase classname="utility.Base" name="@AfterTest tear" time="0.0">
    <ignored/>
  </testcase> <!-- @AfterTest tear -->
  <testcase classname="utility.Base" name="@AfterTest tear" time="0.0">
    <ignored/>
  </testcase> <!-- @AfterTest tear -->
  <testcase classname="utility.Base" name="@AfterTest tear" time="0.0">
    <ignored/>
  </testcase> <!-- @AfterTest tear -->
  <testcase classname="utility.Base" name="@AfterTest tear" time="0.0">
    <ignored/>
  </testcase> <!-- @AfterTest tear -->
  <testcase classname="utility.Base" name="@AfterTest tear" time="0.0">
    <ignored/>
  </testcase> <!-- @AfterTest tear -->
  <testcase classname="utility.Base" name="@AfterTest tear" time="0.0">
    <ignored/>
  </testcase> <!-- @AfterTest tear -->
  <testcase classname="utility.Base" name="@BeforeTest setup" time="0.0">
    <ignored/>
  </testcase> <!-- @BeforeTest setup -->
  <testcase classname="utility.Base" name="@BeforeTest setup" time="0.0">
    <ignored/>
  </testcase> <!-- @BeforeTest setup -->
  <testcase classname="utility.Base" name="@BeforeTest setup" time="0.0">
    <ignored/>
  </testcase> <!-- @BeforeTest setup -->
  <testcase classname="utility.Base" name="@BeforeTest setup" time="0.0">
    <ignored/>
  </testcase> <!-- @BeforeTest setup -->
  <testcase classname="utility.Base" name="@BeforeTest setup" time="0.0">
    <ignored/>
  </testcase> <!-- @BeforeTest setup -->
  <testcase classname="utility.Base" name="@BeforeTest setup" time="0.0">
    <ignored/>
  </testcase> <!-- @BeforeTest setup -->
  <testcase classname="utility.Base" name="@BeforeTest setup" time="0.0">
    <ignored/>
  </testcase> <!-- @BeforeTest setup -->
</testsuite> <!-- Test -->
